<?xml version="1.0" encoding="UTF-8"?>
<!-- Generated by org.testng.reporters.JUnitXMLReporter -->
<testsuite ignored="0" hostname="NARAHARI-WOODI-DELL" failures="0" tests="3" name="Test-2" time="27.808" errors="0" timestamp="2025-03-18T11:43:25 IST">
  <testcase classname="com.crm.SalesAndInventorySystemProject.admin.employeetest.CreateEmployeeTest" name="createEmployeeWithHireDate" time="6.98"/>
  <testcase classname="com.crm.SalesAndInventorySystemProject.admin.employeetest.CreateEmployeeTest" name="createEmployeeWithoutHireDate" time="5.48"/>
  <testcase classname="com.crm.SalesAndInventorySystemProject.admin.employeetest.CreateEmployeeTest" name="displayEmployeeDetailsTest" time="5.744"/>
</testsuite> <!-- Test-2 -->
