<?xml version="1.0" encoding="UTF-8"?>
<!-- Generated by org.testng.reporters.JUnitXMLReporter -->
<testsuite ignored="0" hostname="NARAHARI-WOODI-DELL" failures="0" tests="1" name="Test-1" time="14.187" errors="0" timestamp="2025-03-18T11:43:12 IST">
  <testcase classname="com.crm.SalesAndInventorySystemProject.user.keyboardtest.CreateKeyboardTest" name="createKeyboardTest" time="7.711"/>
</testsuite> <!-- Test-1 -->
