<?xml version="1.0" encoding="UTF-8"?>
<!-- Generated by org.testng.reporters.JUnitReportReporter -->
<testsuite hostname="NARAHARI-WOODI-DELL" failures="0" tests="1" name="com.crm.SalesAndInventorySystemProject.user.monitortest.CreateMonitorTest" time="12.558" errors="0" timestamp="2025-03-17T17:19:34 IST" skipped="0">
  <testcase classname="com.crm.SalesAndInventorySystemProject.user.monitortest.CreateMonitorTest" name="createMonitorTest" time="12.558"/>
  <system-out/>
</testsuite> <!-- com.crm.SalesAndInventorySystemProject.user.monitortest.CreateMonitorTest -->
