<?xml version="1.0" encoding="UTF-8"?>
<!-- Generated by org.testng.reporters.JUnitReportReporter -->
<testsuite hostname="NARAHARI-WOODI-DELL" failures="0" tests="1" name="com.crm.JonesSalesAndInventoryProject.user.keyboardtest.CreateKeyboardTest" time="12.502" errors="0" timestamp="2025-03-18T16:33:51 IST" skipped="0">
  <testcase classname="com.crm.JonesSalesAndInventoryProject.user.keyboardtest.CreateKeyboardTest" name="createKeyboardTest" time="12.502"/>
  <system-out/>
</testsuite> <!-- com.crm.JonesSalesAndInventoryProject.user.keyboardtest.CreateKeyboardTest -->
