<?xml version="1.0" encoding="UTF-8"?>
<!-- Generated by org.testng.reporters.JUnitReportReporter -->
<testsuite hostname="NARAHARI-WOODI-DELL" failures="0" tests="1" name="practice.testprograms.EmployeeInfoTesting" time="3.858" errors="0" timestamp="2025-03-15T12:23:21 IST" skipped="0">
  <testcase classname="practice.testprograms.EmployeeInfoTesting" name="employeeInfoTesting" time="3.858"/>
  <system-out/>
</testsuite> <!-- practice.testprograms.EmployeeInfoTesting -->
