<?xml version="1.0" encoding="UTF-8"?>
<!-- Generated by org.testng.reporters.JUnitReportReporter -->
<testsuite hostname="NARAHARI-WOODI-DELL" failures="0" tests="1" name="com.crm.JonesSalesAndInventoryProject.user.keyboardtest.CreateKeyboardTest" time="9.323" errors="0" timestamp="2025-03-18T17:16:11 IST" skipped="0">
  <testcase classname="com.crm.JonesSalesAndInventoryProject.user.keyboardtest.CreateKeyboardTest" name="createKeyboardTest" time="9.323"/>
  <system-out/>
</testsuite> <!-- com.crm.JonesSalesAndInventoryProject.user.keyboardtest.CreateKeyboardTest -->
