<?xml version="1.0" encoding="UTF-8"?>
<!-- Generated by org.testng.reporters.JUnitReportReporter -->
<testsuite hostname="NARAHARI-WOODI-DELL" failures="0" tests="1" name="com.crm.SalesAndInventorySystemProject.user.keyboardtest.CreateKeyboardTest" time="7.018" errors="0" timestamp="2025-03-18T14:46:40 IST" skipped="0">
  <testcase classname="com.crm.SalesAndInventorySystemProject.user.keyboardtest.CreateKeyboardTest" name="createKeyboardTest" time="7.018"/>
  <system-out/>
</testsuite> <!-- com.crm.SalesAndInventorySystemProject.user.keyboardtest.CreateKeyboardTest -->
