<?xml version="1.0" encoding="UTF-8"?>
<!-- Generated by org.testng.reporters.JUnitReportReporter -->
<testsuite hostname="NARAHARI-WOODI-DELL" failures="0" tests="1" name="practice.testprograms.MonitorTest" time="6.834" errors="0" timestamp="2025-03-17T12:15:00 IST" skipped="0">
  <testcase classname="practice.testprograms.MonitorTest" name="createMonitorTest" time="6.834"/>
  <system-out/>
</testsuite> <!-- practice.testprograms.MonitorTest -->
