<?xml version="1.0" encoding="UTF-8"?>
<!-- Generated by org.testng.reporters.JUnitReportReporter -->
<testsuite hostname="NARAHARI-WOODI-DELL" failures="0" tests="1" name="practice.testprograms.SalesAndInventorySystem" time="3.961" errors="0" timestamp="2025-03-10T22:24:58 IST" skipped="0">
  <testcase classname="practice.testprograms.SalesAndInventorySystem" name="salesAndInventorySystem" time="3.961"/>
  <system-out/>
</testsuite> <!-- practice.testprograms.SalesAndInventorySystem -->
