<?xml version="1.0" encoding="UTF-8"?>
<!-- Generated by org.testng.reporters.JUnitReportReporter -->
<testsuite hostname="NARAHARI-WOODI-DELL" failures="0" tests="1" name="com.crm.SalesAndInventorySystemProject.suppliertest.CreateSupplierTest" time="194.723" errors="0" timestamp="2025-03-17T12:21:54 IST" skipped="0">
  <testcase classname="com.crm.SalesAndInventorySystemProject.suppliertest.CreateSupplierTest" name="createSupplierWithProvinceAndCity" time="194.723"/>
  <system-out/>
</testsuite> <!-- com.crm.SalesAndInventorySystemProject.suppliertest.CreateSupplierTest -->
